x:\backup repos\mario\backup mario\mario_repo\mario_repo\mario\mario\debug\vc142.pdb
x:\backup repos\mario\backup mario\mario_repo\mario_repo\mario\mario\debug\vc142.idb
x:\backup repos\mario\backup mario\mario_repo\mario_repo\mario\mario\debug\powblock.obj
x:\backup repos\mario\backup mario\mario_repo\mario_repo\mario\mario\debug\mariocharacter.obj
x:\backup repos\mario\backup mario\mario_repo\mario_repo\mario\mario\debug\main.obj
x:\backup repos\mario\backup mario\mario_repo\mario_repo\mario\mario\debug\mainmenu.obj
x:\backup repos\mario\backup mario\mario_repo\mario_repo\mario\mario\debug\luigicharacter.obj
x:\backup repos\mario\backup mario\mario_repo\mario_repo\mario\mario\debug\highscore.obj
x:\backup repos\mario\backup mario\mario_repo\mario_repo\mario\mario\debug\healthbar.obj
x:\backup repos\mario\backup mario\mario_repo\mario_repo\mario\mario\debug\gamescreenlevel2.obj
x:\backup repos\mario\backup mario\mario_repo\mario_repo\mario\mario\debug\gamescreen.obj
x:\backup repos\mario\backup mario\mario_repo\mario_repo\mario\mario\debug\gameover.obj
x:\backup repos\mario\backup mario\mario_repo\mario_repo\mario\mario\debug\controls.obj
x:\backup repos\mario\backup mario\mario_repo\mario_repo\mario\mario\debug\collision.obj
x:\backup repos\mario\backup mario\mario_repo\mario_repo\mario\mario\debug\coins.obj
x:\backup repos\mario\backup mario\mario_repo\mario_repo\mario\mario\debug\characterkoopa.obj
x:\backup repos\mario\backup mario\mario_repo\mario_repo\mario\mario\debug\charactergoomba.obj
x:\backup repos\mario\backup mario\mario_repo\mario_repo\mario\mario\debug\texture2d.obj
x:\backup repos\mario\backup mario\mario_repo\mario_repo\mario\mario\debug\text.obj
x:\backup repos\mario\backup mario\mario_repo\mario_repo\mario\mario\debug\sounds.obj
x:\backup repos\mario\backup mario\mario_repo\mario_repo\mario\mario\debug\levelmaps.obj
x:\backup repos\mario\backup mario\mario_repo\mario_repo\mario\mario\debug\gamescreenmanager.obj
x:\backup repos\mario\backup mario\mario_repo\mario_repo\mario\mario\debug\gamescreenlevel1.obj
x:\backup repos\mario\backup mario\mario_repo\mario_repo\mario\mario\debug\character.obj
x:\backup repos\mario\backup mario\mario_repo\mario_repo\mario\mario\debug\maingame.obj
x:\backup repos\mario\backup mario\mario_repo\mario_repo\mario\debug\mario.ilk
x:\backup repos\mario\backup mario\mario_repo\mario_repo\mario\debug\mario.exe
x:\backup repos\mario\backup mario\mario_repo\mario_repo\mario\debug\mario.pdb
x:\backup repos\mario\backup mario\mario_repo\mario_repo\mario\mario\debug\mario.tlog\cl.command.1.tlog
x:\backup repos\mario\backup mario\mario_repo\mario_repo\mario\mario\debug\mario.tlog\cl.read.1.tlog
x:\backup repos\mario\backup mario\mario_repo\mario_repo\mario\mario\debug\mario.tlog\cl.write.1.tlog
x:\backup repos\mario\backup mario\mario_repo\mario_repo\mario\mario\debug\mario.tlog\link.command.1.tlog
x:\backup repos\mario\backup mario\mario_repo\mario_repo\mario\mario\debug\mario.tlog\link.read.1.tlog
x:\backup repos\mario\backup mario\mario_repo\mario_repo\mario\mario\debug\mario.tlog\link.write.1.tlog
