  Character.cpp
  CharacterGoomba.cpp
X:\BACKUP REPOS\Mario\Backup Mario\Mario_Repo\Mario_Repo\Mario\Mario\CharacterGoomba.cpp(8,43): warning C4244: '=': conversion from 'int' to 'float', possible loss of data
X:\BACKUP REPOS\Mario\Backup Mario\Mario_Repo\Mario_Repo\Mario\Mario\CharacterGoomba.cpp(9,42): warning C4244: '=': conversion from 'int' to 'float', possible loss of data
X:\BACKUP REPOS\Mario\Backup Mario\Mario_Repo\Mario_Repo\Mario\Mario\CharacterGoomba.cpp(17,17): warning C4244: 'initializing': conversion from 'float' to 'int', possible loss of data
X:\BACKUP REPOS\Mario\Backup Mario\Mario_Repo\Mario_Repo\Mario\Mario\CharacterGoomba.cpp(18,40): warning C4838: conversion from 'float' to 'int' requires a narrowing conversion
X:\BACKUP REPOS\Mario\Backup Mario\Mario_Repo\Mario_Repo\Mario\Mario\CharacterGoomba.cpp(18,40): warning C4244: 'initializing': conversion from 'float' to 'int', possible loss of data
X:\BACKUP REPOS\Mario\Backup Mario\Mario_Repo\Mario_Repo\Mario\Mario\CharacterGoomba.cpp(18,58): warning C4838: conversion from 'float' to 'int' requires a narrowing conversion
X:\BACKUP REPOS\Mario\Backup Mario\Mario_Repo\Mario_Repo\Mario\Mario\CharacterGoomba.cpp(18,58): warning C4244: 'initializing': conversion from 'float' to 'int', possible loss of data
X:\BACKUP REPOS\Mario\Backup Mario\Mario_Repo\Mario_Repo\Mario\Mario\CharacterGoomba.cpp(19,64): warning C4838: conversion from 'float' to 'int' requires a narrowing conversion
X:\BACKUP REPOS\Mario\Backup Mario\Mario_Repo\Mario_Repo\Mario\Mario\CharacterGoomba.cpp(19,64): warning C4244: 'initializing': conversion from 'float' to 'int', possible loss of data
X:\BACKUP REPOS\Mario\Backup Mario\Mario_Repo\Mario_Repo\Mario\Mario\CharacterGoomba.cpp(19,83): warning C4838: conversion from 'float' to 'int' requires a narrowing conversion
X:\BACKUP REPOS\Mario\Backup Mario\Mario_Repo\Mario_Repo\Mario\Mario\CharacterGoomba.cpp(19,83): warning C4244: 'initializing': conversion from 'float' to 'int', possible loss of data
  CharacterKoopa.cpp
X:\BACKUP REPOS\Mario\Backup Mario\Mario_Repo\Mario_Repo\Mario\Mario\CharacterKoopa.cpp(10,44): warning C4244: '=': conversion from 'int' to 'float', possible loss of data
X:\BACKUP REPOS\Mario\Backup Mario\Mario_Repo\Mario_Repo\Mario\Mario\CharacterKoopa.cpp(11,42): warning C4244: '=': conversion from 'int' to 'float', possible loss of data
X:\BACKUP REPOS\Mario\Backup Mario\Mario_Repo\Mario_Repo\Mario\Mario\CharacterKoopa.cpp(19,11): warning C4244: 'initializing': conversion from 'float' to 'int', possible loss of data
X:\BACKUP REPOS\Mario\Backup Mario\Mario_Repo\Mario_Repo\Mario\Mario\CharacterKoopa.cpp(22,10): warning C4244: '=': conversion from 'float' to 'int', possible loss of data
X:\BACKUP REPOS\Mario\Backup Mario\Mario_Repo\Mario_Repo\Mario\Mario\CharacterKoopa.cpp(24,34): warning C4838: conversion from 'float' to 'int' requires a narrowing conversion
X:\BACKUP REPOS\Mario\Backup Mario\Mario_Repo\Mario_Repo\Mario\Mario\CharacterKoopa.cpp(24,34): warning C4244: 'initializing': conversion from 'float' to 'int', possible loss of data
X:\BACKUP REPOS\Mario\Backup Mario\Mario_Repo\Mario_Repo\Mario\Mario\CharacterKoopa.cpp(24,52): warning C4838: conversion from 'float' to 'int' requires a narrowing conversion
X:\BACKUP REPOS\Mario\Backup Mario\Mario_Repo\Mario_Repo\Mario\Mario\CharacterKoopa.cpp(24,52): warning C4244: 'initializing': conversion from 'float' to 'int', possible loss of data
X:\BACKUP REPOS\Mario\Backup Mario\Mario_Repo\Mario_Repo\Mario\Mario\CharacterKoopa.cpp(25,64): warning C4838: conversion from 'float' to 'int' requires a narrowing conversion
X:\BACKUP REPOS\Mario\Backup Mario\Mario_Repo\Mario_Repo\Mario\Mario\CharacterKoopa.cpp(25,64): warning C4244: 'initializing': conversion from 'float' to 'int', possible loss of data
X:\BACKUP REPOS\Mario\Backup Mario\Mario_Repo\Mario_Repo\Mario\Mario\CharacterKoopa.cpp(25,83): warning C4838: conversion from 'float' to 'int' requires a narrowing conversion
X:\BACKUP REPOS\Mario\Backup Mario\Mario_Repo\Mario_Repo\Mario\Mario\CharacterKoopa.cpp(25,83): warning C4244: 'initializing': conversion from 'float' to 'int', possible loss of data
  Coins.cpp
X:\BACKUP REPOS\Mario\Backup Mario\Mario_Repo\Mario_Repo\Mario\Mario\Coins.cpp(10,44): warning C4244: '=': conversion from 'int' to 'float', possible loss of data
X:\BACKUP REPOS\Mario\Backup Mario\Mario_Repo\Mario_Repo\Mario\Mario\Coins.cpp(11,42): warning C4244: '=': conversion from 'int' to 'float', possible loss of data
X:\BACKUP REPOS\Mario\Backup Mario\Mario_Repo\Mario_Repo\Mario\Mario\Coins.cpp(19,11): warning C4244: 'initializing': conversion from 'float' to 'int', possible loss of data
X:\BACKUP REPOS\Mario\Backup Mario\Mario_Repo\Mario_Repo\Mario\Mario\Coins.cpp(20,34): warning C4838: conversion from 'float' to 'int' requires a narrowing conversion
X:\BACKUP REPOS\Mario\Backup Mario\Mario_Repo\Mario_Repo\Mario\Mario\Coins.cpp(20,34): warning C4244: 'initializing': conversion from 'float' to 'int', possible loss of data
X:\BACKUP REPOS\Mario\Backup Mario\Mario_Repo\Mario_Repo\Mario\Mario\Coins.cpp(20,52): warning C4838: conversion from 'float' to 'int' requires a narrowing conversion
X:\BACKUP REPOS\Mario\Backup Mario\Mario_Repo\Mario_Repo\Mario\Mario\Coins.cpp(20,52): warning C4244: 'initializing': conversion from 'float' to 'int', possible loss of data
X:\BACKUP REPOS\Mario\Backup Mario\Mario_Repo\Mario_Repo\Mario\Mario\Coins.cpp(21,64): warning C4838: conversion from 'float' to 'int' requires a narrowing conversion
X:\BACKUP REPOS\Mario\Backup Mario\Mario_Repo\Mario_Repo\Mario\Mario\Coins.cpp(21,64): warning C4244: 'initializing': conversion from 'float' to 'int', possible loss of data
X:\BACKUP REPOS\Mario\Backup Mario\Mario_Repo\Mario_Repo\Mario\Mario\Coins.cpp(21,83): warning C4838: conversion from 'float' to 'int' requires a narrowing conversion
X:\BACKUP REPOS\Mario\Backup Mario\Mario_Repo\Mario_Repo\Mario\Mario\Coins.cpp(21,83): warning C4244: 'initializing': conversion from 'float' to 'int', possible loss of data
  Collision.cpp
  GameOver.cpp
X:\BACKUP REPOS\Mario\Backup Mario\Mario_Repo\Mario_Repo\Mario\Mario\GameScreen.h(54,33): warning C4244: 'initializing': conversion from 'float' to 'const int', possible loss of data
  GameScreen.cpp
X:\BACKUP REPOS\Mario\Backup Mario\Mario_Repo\Mario_Repo\Mario\Mario\GameScreen.h(54,33): warning C4244: 'initializing': conversion from 'float' to 'const int', possible loss of data
X:\BACKUP REPOS\Mario\Backup Mario\Mario_Repo\Mario_Repo\Mario\Mario\GameScreen.cpp(39,42): warning C4244: '+=': conversion from 'double' to 'int', possible loss of data
X:\BACKUP REPOS\Mario\Backup Mario\Mario_Repo\Mario_Repo\Mario\Mario\GameScreen.cpp(76,42): warning C4244: '+=': conversion from 'double' to 'int', possible loss of data
  GameScreenLevel1.cpp
X:\BACKUP REPOS\Mario\Backup Mario\Mario_Repo\Mario_Repo\Mario\Mario\GameScreen.h(54,33): warning C4244: 'initializing': conversion from 'float' to 'const int', possible loss of data
X:\BACKUP REPOS\Mario\Backup Mario\Mario_Repo\Mario_Repo\Mario\Mario\GameScreenLevel1.cpp(50,23): warning C4244: '=': conversion from 'float' to 'int', possible loss of data
X:\BACKUP REPOS\Mario\Backup Mario\Mario_Repo\Mario_Repo\Mario\Mario\GameScreenLevel1.cpp(50,51): warning C4244: '=': conversion from 'float' to 'int', possible loss of data
X:\BACKUP REPOS\Mario\Backup Mario\Mario_Repo\Mario_Repo\Mario\Mario\GameScreenLevel1.cpp(51,23): warning C4244: '=': conversion from 'float' to 'int', possible loss of data
X:\BACKUP REPOS\Mario\Backup Mario\Mario_Repo\Mario_Repo\Mario\Mario\GameScreenLevel1.cpp(51,51): warning C4244: '=': conversion from 'float' to 'int', possible loss of data
X:\BACKUP REPOS\Mario\Backup Mario\Mario_Repo\Mario_Repo\Mario\Mario\GameScreenLevel1.cpp(54,23): warning C4244: '=': conversion from 'float' to 'int', possible loss of data
X:\BACKUP REPOS\Mario\Backup Mario\Mario_Repo\Mario_Repo\Mario\Mario\GameScreenLevel1.cpp(54,51): warning C4244: '=': conversion from 'float' to 'int', possible loss of data
X:\BACKUP REPOS\Mario\Backup Mario\Mario_Repo\Mario_Repo\Mario\Mario\GameScreenLevel1.cpp(55,23): warning C4244: '=': conversion from 'float' to 'int', possible loss of data
X:\BACKUP REPOS\Mario\Backup Mario\Mario_Repo\Mario_Repo\Mario\Mario\GameScreenLevel1.cpp(55,52): warning C4244: '=': conversion from 'float' to 'int', possible loss of data
  GameScreenLevel2.cpp
X:\BACKUP REPOS\Mario\Backup Mario\Mario_Repo\Mario_Repo\Mario\Mario\GameScreen.h(54,33): warning C4244: 'initializing': conversion from 'float' to 'const int', possible loss of data
  GameScreenManager.cpp
X:\BACKUP REPOS\Mario\Backup Mario\Mario_Repo\Mario_Repo\Mario\Mario\GameScreen.h(54,33): warning C4244: 'initializing': conversion from 'float' to 'const int', possible loss of data
  HighScore.cpp
X:\BACKUP REPOS\Mario\Backup Mario\Mario_Repo\Mario_Repo\Mario\Mario\GameScreen.h(54,33): warning C4244: 'initializing': conversion from 'float' to 'const int', possible loss of data
X:\BACKUP REPOS\Mario\Backup Mario\Mario_Repo\Mario_Repo\Mario\Mario\HighScore.cpp(79,33): warning C4267: '=': conversion from 'size_t' to 'int', possible loss of data
  LevelMaps.cpp
X:\BACKUP REPOS\Mario\Backup Mario\Mario_Repo\Mario_Repo\Mario\Mario\GameScreen.h(54,33): warning C4244: 'initializing': conversion from 'float' to 'const int', possible loss of data
  LuigiCharacter.cpp
X:\BACKUP REPOS\Mario\Backup Mario\Mario_Repo\Mario_Repo\Mario\Mario\LuigiCharacter.cpp(6,42): warning C4244: '=': conversion from 'int' to 'float', possible loss of data
X:\BACKUP REPOS\Mario\Backup Mario\Mario_Repo\Mario_Repo\Mario\Mario\LuigiCharacter.cpp(7,44): warning C4244: '=': conversion from 'int' to 'float', possible loss of data
X:\BACKUP REPOS\Mario\Backup Mario\Mario_Repo\Mario_Repo\Mario\Mario\LuigiCharacter.cpp(18,18): warning C4244: 'initializing': conversion from 'float' to 'int', possible loss of data
X:\BACKUP REPOS\Mario\Backup Mario\Mario_Repo\Mario_Repo\Mario\Mario\LuigiCharacter.cpp(20,41): warning C4838: conversion from 'float' to 'int' requires a narrowing conversion
X:\BACKUP REPOS\Mario\Backup Mario\Mario_Repo\Mario_Repo\Mario\Mario\LuigiCharacter.cpp(20,41): warning C4244: 'initializing': conversion from 'float' to 'int', possible loss of data
X:\BACKUP REPOS\Mario\Backup Mario\Mario_Repo\Mario_Repo\Mario\Mario\LuigiCharacter.cpp(20,60): warning C4838: conversion from 'float' to 'int' requires a narrowing conversion
X:\BACKUP REPOS\Mario\Backup Mario\Mario_Repo\Mario_Repo\Mario\Mario\LuigiCharacter.cpp(20,60): warning C4244: 'initializing': conversion from 'float' to 'int', possible loss of data
X:\BACKUP REPOS\Mario\Backup Mario\Mario_Repo\Mario_Repo\Mario\Mario\LuigiCharacter.cpp(21,73): warning C4838: conversion from 'float' to 'int' requires a narrowing conversion
X:\BACKUP REPOS\Mario\Backup Mario\Mario_Repo\Mario_Repo\Mario\Mario\LuigiCharacter.cpp(21,73): warning C4244: 'initializing': conversion from 'float' to 'int', possible loss of data
X:\BACKUP REPOS\Mario\Backup Mario\Mario_Repo\Mario_Repo\Mario\Mario\LuigiCharacter.cpp(21,92): warning C4838: conversion from 'float' to 'int' requires a narrowing conversion
X:\BACKUP REPOS\Mario\Backup Mario\Mario_Repo\Mario_Repo\Mario\Mario\LuigiCharacter.cpp(21,92): warning C4244: 'initializing': conversion from 'float' to 'int', possible loss of data
  MainGame.cpp
X:\BACKUP REPOS\Mario\Backup Mario\Mario_Repo\Mario_Repo\Mario\Mario\GameScreen.h(54,33): warning C4244: 'initializing': conversion from 'float' to 'const int', possible loss of data
  MainMenu.cpp
X:\BACKUP REPOS\Mario\Backup Mario\Mario_Repo\Mario_Repo\Mario\Mario\GameScreen.h(54,33): warning C4244: 'initializing': conversion from 'float' to 'const int', possible loss of data
X:\BACKUP REPOS\Mario\Backup Mario\Mario_Repo\Mario_Repo\Mario\Mario\MainMenu.cpp(12,23): warning C4154: deletion of an array expression; conversion to pointer supplied
  main.cpp
X:\BACKUP REPOS\Mario\Backup Mario\Mario_Repo\Mario_Repo\Mario\Mario\GameScreen.h(54,33): warning C4244: 'initializing': conversion from 'float' to 'const int', possible loss of data
  MarioCharacter.cpp
X:\BACKUP REPOS\Mario\Backup Mario\Mario_Repo\Mario_Repo\Mario\Mario\MarioCharacter.cpp(8,42): warning C4244: '=': conversion from 'int' to 'float', possible loss of data
X:\BACKUP REPOS\Mario\Backup Mario\Mario_Repo\Mario_Repo\Mario\Mario\MarioCharacter.cpp(9,44): warning C4244: '=': conversion from 'int' to 'float', possible loss of data
X:\BACKUP REPOS\Mario\Backup Mario\Mario_Repo\Mario_Repo\Mario\Mario\MarioCharacter.cpp(20,18): warning C4244: 'initializing': conversion from 'float' to 'int', possible loss of data
X:\BACKUP REPOS\Mario\Backup Mario\Mario_Repo\Mario_Repo\Mario\Mario\MarioCharacter.cpp(22,41): warning C4838: conversion from 'float' to 'int' requires a narrowing conversion
X:\BACKUP REPOS\Mario\Backup Mario\Mario_Repo\Mario_Repo\Mario\Mario\MarioCharacter.cpp(22,41): warning C4244: 'initializing': conversion from 'float' to 'int', possible loss of data
X:\BACKUP REPOS\Mario\Backup Mario\Mario_Repo\Mario_Repo\Mario\Mario\MarioCharacter.cpp(22,60): warning C4838: conversion from 'float' to 'int' requires a narrowing conversion
X:\BACKUP REPOS\Mario\Backup Mario\Mario_Repo\Mario_Repo\Mario\Mario\MarioCharacter.cpp(22,60): warning C4244: 'initializing': conversion from 'float' to 'int', possible loss of data
X:\BACKUP REPOS\Mario\Backup Mario\Mario_Repo\Mario_Repo\Mario\Mario\MarioCharacter.cpp(23,73): warning C4838: conversion from 'float' to 'int' requires a narrowing conversion
X:\BACKUP REPOS\Mario\Backup Mario\Mario_Repo\Mario_Repo\Mario\Mario\MarioCharacter.cpp(23,73): warning C4244: 'initializing': conversion from 'float' to 'int', possible loss of data
X:\BACKUP REPOS\Mario\Backup Mario\Mario_Repo\Mario_Repo\Mario\Mario\MarioCharacter.cpp(23,92): warning C4838: conversion from 'float' to 'int' requires a narrowing conversion
X:\BACKUP REPOS\Mario\Backup Mario\Mario_Repo\Mario_Repo\Mario\Mario\MarioCharacter.cpp(23,92): warning C4244: 'initializing': conversion from 'float' to 'int', possible loss of data
  PowBlock.cpp
X:\BACKUP REPOS\Mario\Backup Mario\Mario_Repo\Mario_Repo\Mario\Mario\PowBlock.cpp(15,44): warning C4244: '=': conversion from 'int' to 'float', possible loss of data
X:\BACKUP REPOS\Mario\Backup Mario\Mario_Repo\Mario_Repo\Mario\Mario\PowBlock.cpp(16,42): warning C4244: '=': conversion from 'int' to 'float', possible loss of data
X:\BACKUP REPOS\Mario\Backup Mario\Mario_Repo\Mario_Repo\Mario\Mario\PowBlock.cpp(30,18): warning C4244: 'initializing': conversion from 'float' to 'int', possible loss of data
X:\BACKUP REPOS\Mario\Backup Mario\Mario_Repo\Mario_Repo\Mario\Mario\PowBlock.cpp(31,41): warning C4838: conversion from 'float' to 'int' requires a narrowing conversion
X:\BACKUP REPOS\Mario\Backup Mario\Mario_Repo\Mario_Repo\Mario\Mario\PowBlock.cpp(31,41): warning C4244: 'initializing': conversion from 'float' to 'int', possible loss of data
X:\BACKUP REPOS\Mario\Backup Mario\Mario_Repo\Mario_Repo\Mario\Mario\PowBlock.cpp(31,60): warning C4838: conversion from 'float' to 'int' requires a narrowing conversion
X:\BACKUP REPOS\Mario\Backup Mario\Mario_Repo\Mario_Repo\Mario\Mario\PowBlock.cpp(31,60): warning C4244: 'initializing': conversion from 'float' to 'int', possible loss of data
X:\BACKUP REPOS\Mario\Backup Mario\Mario_Repo\Mario_Repo\Mario\Mario\PowBlock.cpp(32,70): warning C4838: conversion from 'float' to 'int' requires a narrowing conversion
X:\BACKUP REPOS\Mario\Backup Mario\Mario_Repo\Mario_Repo\Mario\Mario\PowBlock.cpp(32,70): warning C4244: 'initializing': conversion from 'float' to 'int', possible loss of data
X:\BACKUP REPOS\Mario\Backup Mario\Mario_Repo\Mario_Repo\Mario\Mario\PowBlock.cpp(32,89): warning C4838: conversion from 'float' to 'int' requires a narrowing conversion
X:\BACKUP REPOS\Mario\Backup Mario\Mario_Repo\Mario_Repo\Mario\Mario\PowBlock.cpp(32,89): warning C4244: 'initializing': conversion from 'float' to 'int', possible loss of data
X:\BACKUP REPOS\Mario\Backup Mario\Mario_Repo\Mario_Repo\Mario\Mario\PowBlock.cpp(34,18): warning C4552: '-': result of expression not used
  Sounds.cpp
  Text.cpp
  Generating Code...
X:\BACKUP REPOS\Mario\Backup Mario\Mario_Repo\Mario_Repo\Mario\Mario\GameScreenLevel2.cpp(142): warning C4715: 'GameScreenLevel2::SetUpLevel': not all control paths return a value
X:\BACKUP REPOS\Mario\Backup Mario\Mario_Repo\Mario_Repo\Mario\Mario\GameScreenLevel1.cpp(160): warning C4715: 'GameScreenLevel1::SetUpLevel': not all control paths return a value
X:\BACKUP REPOS\Mario\Backup Mario\Mario_Repo\Mario_Repo\Mario\Mario\GameOver.cpp(23): warning C4715: 'GameOver::Load': not all control paths return a value
  Compiling...
  Texture2D.cpp
X:\BACKUP REPOS\Mario\Backup Mario\Mario_Repo\Mario_Repo\Mario\Mario\Texture2D.cpp(56,42): warning C4838: conversion from 'float' to 'int' requires a narrowing conversion
X:\BACKUP REPOS\Mario\Backup Mario\Mario_Repo\Mario_Repo\Mario\Mario\Texture2D.cpp(56,42): warning C4244: 'initializing': conversion from 'float' to 'int', possible loss of data
X:\BACKUP REPOS\Mario\Backup Mario\Mario_Repo\Mario_Repo\Mario\Mario\Texture2D.cpp(56,57): warning C4838: conversion from 'float' to 'int' requires a narrowing conversion
X:\BACKUP REPOS\Mario\Backup Mario\Mario_Repo\Mario_Repo\Mario\Mario\Texture2D.cpp(56,57): warning C4244: 'initializing': conversion from 'float' to 'int', possible loss of data
  Generating Code...
Coins.obj : error LNK2019: unresolved external symbol SDL_GetAudioStatus referenced in function "public: void __cdecl Coins::CoinSound(bool)" (?CoinSound@Coins@@QEAAX_N@Z)
MainGame.obj : error LNK2001: unresolved external symbol SDL_GetAudioStatus
MarioCharacter.obj : error LNK2001: unresolved external symbol SDL_GetAudioStatus
MainGame.obj : error LNK2019: unresolved external symbol SDL_GetError referenced in function "public: bool __cdecl MainGame::InitSDL(void)" (?InitSDL@MainGame@@QEAA_NXZ)
Texture2D.obj : error LNK2001: unresolved external symbol SDL_GetError
MainGame.obj : error LNK2019: unresolved external symbol SDL_CreateWindow referenced in function "public: bool __cdecl MainGame::InitSDL(void)" (?InitSDL@MainGame@@QEAA_NXZ)
MainGame.obj : error LNK2019: unresolved external symbol SDL_DestroyWindow referenced in function "public: void __cdecl MainGame::CloseSDL(void)" (?CloseSDL@MainGame@@QEAAXXZ)
MainGame.obj : error LNK2019: unresolved external symbol SDL_PollEvent referenced in function "public: bool __cdecl MainGame::Update(void)" (?Update@MainGame@@QEAA_NXZ)
MainGame.obj : error LNK2019: unresolved external symbol SDL_CreateRenderer referenced in function "public: bool __cdecl MainGame::InitSDL(void)" (?InitSDL@MainGame@@QEAA_NXZ)
MainGame.obj : error LNK2019: unresolved external symbol SDL_SetRenderDrawColor referenced in function "public: void __cdecl MainGame::Render(void)" (?Render@MainGame@@QEAAXXZ)
MainGame.obj : error LNK2019: unresolved external symbol SDL_RenderClear referenced in function "public: void __cdecl MainGame::Render(void)" (?Render@MainGame@@QEAAXXZ)
MainGame.obj : error LNK2019: unresolved external symbol SDL_RenderPresent referenced in function "public: void __cdecl MainGame::Render(void)" (?Render@MainGame@@QEAAXXZ)
MainGame.obj : error LNK2019: unresolved external symbol SDL_DestroyRenderer referenced in function "public: void __cdecl MainGame::CloseSDL(void)" (?CloseSDL@MainGame@@QEAAXXZ)
MainGame.obj : error LNK2019: unresolved external symbol SDL_GetTicks referenced in function "public: __cdecl MainGame::MainGame(void)" (??0MainGame@@QEAA@XZ)
MainGame.obj : error LNK2019: unresolved external symbol SDL_Init referenced in function "public: bool __cdecl MainGame::InitSDL(void)" (?InitSDL@MainGame@@QEAA_NXZ)
MainGame.obj : error LNK2019: unresolved external symbol SDL_Quit referenced in function "public: void __cdecl MainGame::CloseSDL(void)" (?CloseSDL@MainGame@@QEAAXXZ)
MainGame.obj : error LNK2019: unresolved external symbol IMG_Init referenced in function "public: bool __cdecl MainGame::InitSDL(void)" (?InitSDL@MainGame@@QEAA_NXZ)
MainGame.obj : error LNK2019: unresolved external symbol IMG_Quit referenced in function "public: void __cdecl MainGame::CloseSDL(void)" (?CloseSDL@MainGame@@QEAAXXZ)
MainGame.obj : error LNK2019: unresolved external symbol Mix_OpenAudio referenced in function "public: bool __cdecl MainGame::InitSDL(void)" (?InitSDL@MainGame@@QEAA_NXZ)
MainGame.obj : error LNK2019: unresolved external symbol TTF_Init referenced in function "public: bool __cdecl MainGame::InitSDL(void)" (?InitSDL@MainGame@@QEAA_NXZ)
MainGame.obj : error LNK2019: unresolved external symbol TTF_Quit referenced in function "public: void __cdecl MainGame::CloseSDL(void)" (?CloseSDL@MainGame@@QEAAXXZ)
Sounds.obj : error LNK2019: unresolved external symbol SDL_RWFromFile referenced in function "public: void __cdecl Sounds::LoadMusic(class std::basic_string<char,struct std::char_traits<char>,class std::allocator<char> >)" (?LoadMusic@Sounds@@QEAAXV?$basic_string@DU?$char_traits@D@std@@V?$allocator@D@2@@std@@@Z)
Sounds.obj : error LNK2019: unresolved external symbol Mix_LoadWAV_RW referenced in function "public: void __cdecl Sounds::LoadMusic(class std::basic_string<char,struct std::char_traits<char>,class std::allocator<char> >)" (?LoadMusic@Sounds@@QEAAXV?$basic_string@DU?$char_traits@D@std@@V?$allocator@D@2@@std@@@Z)
Sounds.obj : error LNK2019: unresolved external symbol Mix_PlayChannelTimed referenced in function "public: void __cdecl Sounds::Play(int)" (?Play@Sounds@@QEAAXH@Z)
Sounds.obj : error LNK2019: unresolved external symbol Mix_HaltMusic referenced in function "public: void __cdecl Sounds::Stop(void)" (?Stop@Sounds@@QEAAXXZ)
Text.obj : error LNK2019: unresolved external symbol SDL_FreeSurface referenced in function "public: struct SDL_Texture * __cdecl Text::Load(struct SDL_Renderer *,class std::basic_string<char,struct std::char_traits<char>,class std::allocator<char> >,class std::basic_string<char,struct std::char_traits<char>,class std::allocator<char> >,struct SDL_Color,int)" (?Load@Text@@QEAAPEAUSDL_Texture@@PEAUSDL_Renderer@@V?$basic_string@DU?$char_traits@D@std@@V?$allocator@D@2@@std@@1USDL_Color@@H@Z)
Texture2D.obj : error LNK2001: unresolved external symbol SDL_FreeSurface
Text.obj : error LNK2019: unresolved external symbol SDL_CreateTextureFromSurface referenced in function "public: struct SDL_Texture * __cdecl Text::Load(struct SDL_Renderer *,class std::basic_string<char,struct std::char_traits<char>,class std::allocator<char> >,class std::basic_string<char,struct std::char_traits<char>,class std::allocator<char> >,struct SDL_Color,int)" (?Load@Text@@QEAAPEAUSDL_Texture@@PEAUSDL_Renderer@@V?$basic_string@DU?$char_traits@D@std@@V?$allocator@D@2@@std@@1USDL_Color@@H@Z)
Texture2D.obj : error LNK2001: unresolved external symbol SDL_CreateTextureFromSurface
Text.obj : error LNK2019: unresolved external symbol SDL_QueryTexture referenced in function "public: __cdecl Text::Text(struct SDL_Renderer *,class std::basic_string<char,struct std::char_traits<char>,class std::allocator<char> >,class std::basic_string<char,struct std::char_traits<char>,class std::allocator<char> >,int,struct SDL_Color)" (??0Text@@QEAA@PEAUSDL_Renderer@@V?$basic_string@DU?$char_traits@D@std@@V?$allocator@D@2@@std@@1HUSDL_Color@@@Z)
Text.obj : error LNK2019: unresolved external symbol SDL_RenderCopy referenced in function "public: void __cdecl Text::Render(struct SDL_Rect,struct SDL_Renderer *)" (?Render@Text@@QEAAXUSDL_Rect@@PEAUSDL_Renderer@@@Z)
Text.obj : error LNK2019: unresolved external symbol TTF_OpenFont referenced in function "public: struct SDL_Texture * __cdecl Text::Load(struct SDL_Renderer *,class std::basic_string<char,struct std::char_traits<char>,class std::allocator<char> >,class std::basic_string<char,struct std::char_traits<char>,class std::allocator<char> >,struct SDL_Color,int)" (?Load@Text@@QEAAPEAUSDL_Texture@@PEAUSDL_Renderer@@V?$basic_string@DU?$char_traits@D@std@@V?$allocator@D@2@@std@@1USDL_Color@@H@Z)
Text.obj : error LNK2019: unresolved external symbol TTF_RenderText_Solid referenced in function "public: struct SDL_Texture * __cdecl Text::Load(struct SDL_Renderer *,class std::basic_string<char,struct std::char_traits<char>,class std::allocator<char> >,class std::basic_string<char,struct std::char_traits<char>,class std::allocator<char> >,struct SDL_Color,int)" (?Load@Text@@QEAAPEAUSDL_Texture@@PEAUSDL_Renderer@@V?$basic_string@DU?$char_traits@D@std@@V?$allocator@D@2@@std@@1USDL_Color@@H@Z)
Texture2D.obj : error LNK2019: unresolved external symbol SDL_MapRGB referenced in function "public: bool __cdecl Texture2D::LoadFromFile(class std::basic_string<char,struct std::char_traits<char>,class std::allocator<char> >)" (?LoadFromFile@Texture2D@@QEAA_NV?$basic_string@DU?$char_traits@D@std@@V?$allocator@D@2@@std@@@Z)
Texture2D.obj : error LNK2019: unresolved external symbol SDL_SetColorKey referenced in function "public: bool __cdecl Texture2D::LoadFromFile(class std::basic_string<char,struct std::char_traits<char>,class std::allocator<char> >)" (?LoadFromFile@Texture2D@@QEAA_NV?$basic_string@DU?$char_traits@D@std@@V?$allocator@D@2@@std@@@Z)
Texture2D.obj : error LNK2019: unresolved external symbol SDL_RenderCopyEx referenced in function "public: void __cdecl Texture2D::Render(struct SDL_Rect,struct SDL_Rect,enum SDL_RendererFlip,double)" (?Render@Texture2D@@QEAAXUSDL_Rect@@0W4SDL_RendererFlip@@N@Z)
Texture2D.obj : error LNK2019: unresolved external symbol IMG_Load referenced in function "public: bool __cdecl Texture2D::LoadFromFile(class std::basic_string<char,struct std::char_traits<char>,class std::allocator<char> >)" (?LoadFromFile@Texture2D@@QEAA_NV?$basic_string@DU?$char_traits@D@std@@V?$allocator@D@2@@std@@@Z)
MSVCRTD.lib(exe_main.obj) : error LNK2019: unresolved external symbol main referenced in function "int __cdecl invoke_main(void)" (?invoke_main@@YAHXZ)
SDL2\SDL\SDL2.lib : warning LNK4272: library machine type 'x86' conflicts with target machine type 'x64'
SDL2\SDL\SDL2main.lib : warning LNK4272: library machine type 'x86' conflicts with target machine type 'x64'
SDL2\SDL\SDL2test.lib : warning LNK4272: library machine type 'x86' conflicts with target machine type 'x64'
SDL2\SDL\SDL2_image.lib : warning LNK4272: library machine type 'x86' conflicts with target machine type 'x64'
SDL2\SDL\SDL2_mixer.lib : warning LNK4272: library machine type 'x86' conflicts with target machine type 'x64'
SDL2_ttf.lib : warning LNK4272: library machine type 'x86' conflicts with target machine type 'x64'
SDL_ttf.lib : warning LNK4272: library machine type 'x86' conflicts with target machine type 'x64'
X:\BACKUP REPOS\Mario\Backup Mario\Mario_Repo\Mario_Repo\Mario\x64\Debug\Mario.exe : fatal error LNK1120: 33 unresolved externals
